
-----
Test: None
Time: 2022-09-21 13:25:54.911956
Request method: POST
Request URL: https://rahulshettyacademy.com/maps/api/place/add/json?key=qaclick123

Response code: 200
Response text: {"status":"OK","place_id":"f440ff9a229aba907364d5d12dc89fe4","scope":"APP","reference":"9b04558916437db2e197bc842ae3736d9b04558916437db2e197bc842ae3736d","id":"9b04558916437db2e197bc842ae3736d"}
Response headers: {'Date': 'Wed, 21 Sep 2022 10:25:55 GMT', 'Server': 'Apache/2.4.41 (Ubuntu)', 'Access-Control-Allow-Origin': '*', 'Access-Control-Allow-Methods': 'POST', 'Access-Control-Max-Age': '3600', 'Access-Control-Allow-Headers': 'Content-Type, Access-Control-Allow-Headers, Authorization, X-Requested-With', 'Content-Length': '194', 'Keep-Alive': 'timeout=5, max=100', 'Connection': 'Keep-Alive', 'Content-Type': 'application/json;charset=UTF-8'}
Response cookies: {}

-----
Test: None
Time: 2022-09-21 13:25:55.423042
Request method: GET
Request URL: https://rahulshettyacademy.com/maps/api/place/get/json?key=qaclick123&place_id=f440ff9a229aba907364d5d12dc89fe4

Response code: 200
Response text: {"location":{"latitude":"-38.383494","longitude":"33.427362"},"accuracy":"50","name":"Frontline house","phone_number":"(+91) 983 893 3937","address":"29, side layout, cohen 09","types":"shoe park,shop","website":"http:\/\/google.com","language":"French-IN"}
Response headers: {'Date': 'Wed, 21 Sep 2022 10:25:55 GMT', 'Server': 'Apache/2.4.41 (Ubuntu)', 'Access-Control-Allow-Origin': '*', 'Access-Control-Allow-Methods': 'POST', 'Access-Control-Max-Age': '3600', 'Access-Control-Allow-Headers': 'Content-Type, Access-Control-Allow-Headers, Authorization, X-Requested-With', 'Content-Length': '257', 'Keep-Alive': 'timeout=5, max=100', 'Connection': 'Keep-Alive', 'Content-Type': 'application/json;charset=UTF-8'}
Response cookies: {}

-----
Test: None
Time: 2022-09-21 13:25:56.125817
Request method: PUT
Request URL: https://rahulshettyacademy.com/maps/api/place/update/json?key=qaclick123

Response code: 200
Response text: {"msg":"Address successfully updated"}
Response headers: {'Date': 'Wed, 21 Sep 2022 10:25:57 GMT', 'Server': 'Apache/2.4.41 (Ubuntu)', 'Access-Control-Allow-Origin': '*', 'Access-Control-Allow-Methods': 'POST', 'Access-Control-Max-Age': '3600', 'Access-Control-Allow-Headers': 'Content-Type, Access-Control-Allow-Headers, Authorization, X-Requested-With', 'Content-Length': '38', 'Keep-Alive': 'timeout=5, max=100', 'Connection': 'Keep-Alive', 'Content-Type': 'application/json;charset=UTF-8'}
Response cookies: {}

-----
Test: None
Time: 2022-09-21 13:25:57.457078
Request method: GET
Request URL: https://rahulshettyacademy.com/maps/api/place/get/json?key=qaclick123&place_id=f440ff9a229aba907364d5d12dc89fe4

Response code: 200
Response text: {"location":{"latitude":"-38.383494","longitude":"33.427362"},"accuracy":"50","name":"Frontline house","phone_number":"(+91) 983 893 3937","address":"100 SUPER STREET, WEB","types":"shoe park,shop","website":"http:\/\/google.com","language":"French-IN"}
Response headers: {'Date': 'Wed, 21 Sep 2022 10:25:58 GMT', 'Server': 'Apache/2.4.41 (Ubuntu)', 'Access-Control-Allow-Origin': '*', 'Access-Control-Allow-Methods': 'POST', 'Access-Control-Max-Age': '3600', 'Access-Control-Allow-Headers': 'Content-Type, Access-Control-Allow-Headers, Authorization, X-Requested-With', 'Content-Length': '253', 'Keep-Alive': 'timeout=5, max=100', 'Connection': 'Keep-Alive', 'Content-Type': 'application/json;charset=UTF-8'}
Response cookies: {}

-----
Test: None
Time: 2022-09-21 13:25:58.234065
Request method: DELETE
Request URL: https://rahulshettyacademy.com/maps/api/place/delete/json?key=qaclick123

Response code: 200
Response text: {"status":"OK"}
Response headers: {'Date': 'Wed, 21 Sep 2022 10:25:58 GMT', 'Server': 'Apache/2.4.41 (Ubuntu)', 'Access-Control-Allow-Origin': '*', 'Access-Control-Allow-Methods': 'POST', 'Access-Control-Max-Age': '3600', 'Access-Control-Allow-Headers': 'Content-Type, Access-Control-Allow-Headers, Authorization, X-Requested-With', 'Content-Length': '15', 'Keep-Alive': 'timeout=5, max=100', 'Connection': 'Keep-Alive', 'Content-Type': 'application/json;charset=UTF-8'}
Response cookies: {}

-----
Test: None
Time: 2022-09-21 13:25:59.094256
Request method: GET
Request URL: https://rahulshettyacademy.com/maps/api/place/get/json?key=qaclick123&place_id=f440ff9a229aba907364d5d12dc89fe4

Response code: 404
Response text: {"msg":"Get operation failed, looks like place_id  doesn't exists"}
Response headers: {'Date': 'Wed, 21 Sep 2022 10:25:59 GMT', 'Server': 'Apache/2.4.41 (Ubuntu)', 'Access-Control-Allow-Origin': '*', 'Access-Control-Allow-Methods': 'POST', 'Access-Control-Max-Age': '3600', 'Access-Control-Allow-Headers': 'Content-Type, Access-Control-Allow-Headers, Authorization, X-Requested-With', 'Content-Length': '67', 'Keep-Alive': 'timeout=5, max=100', 'Connection': 'Keep-Alive', 'Content-Type': 'application/json;charset=UTF-8'}
Response cookies: {}
